<?xml version="1.0" encoding="UTF-8"?>
<!-- Generated by org.testng.reporters.JUnitReportReporter -->
<testsuite hostname="LAPTOP-032GO6UI" failures="0" tests="1" name="amazonTest.MyTest" time="9.544" errors="0" timestamp="2022-05-01T22:10:06 IST" skipped="0">
  <testcase classname="amazonTest.MyTest" name="testSetup" time="9.544"/>
  <system-out/>
</testsuite> <!-- amazonTest.MyTest -->
