<?xml version="1.0" encoding="UTF-8"?>
<!-- Generated by org.testng.reporters.JUnitReportReporter -->
<testsuite hostname="LAPTOP-032GO6UI" failures="0" tests="1" name="amazonTest.MyTest" time="4.958" errors="0" timestamp="2022-05-01T23:17:15 IST" skipped="0">
  <testcase classname="amazonTest.MyTest" name="testSetup" time="4.958"/>
  <system-out/>
</testsuite> <!-- amazonTest.MyTest -->
